<?xml version="1.0" encoding="UTF-8"?>
<!-- Generated by org.testng.reporters.JUnitXMLReporter -->
<testsuite ignored="0" hostname="TXCHD-LAP-235" failures="0" tests="15" name="Test" time="711.198" errors="0" timestamp="15 Dec 2022 08:12:06 GMT">
  <testcase classname="com.auto.Homepage_Test_Scenario.SignUp_Test_Scenarios" name="TC_01_Verify_SignUp_E2e_Flow" time="56.925"/>
  <testcase classname="com.auto.Homepage_Test_Scenario.SignUp_Test_Scenarios" name="TC_01_Verify_SignUp_E2e_Flow" time="46.247"/>
  <testcase classname="com.auto.Homepage_Test_Scenario.SignUp_Test_Scenarios" name="TC_01_Verify_SignUp_E2e_Flow" time="48.346"/>
  <testcase classname="com.auto.Homepage_Test_Scenario.SignUp_Test_Scenarios" name="TC_01_Verify_SignUp_E2e_Flow" time="46.944"/>
  <testcase classname="com.auto.Homepage_Test_Scenario.SignUp_Test_Scenarios" name="TC_01_Verify_SignUp_E2e_Flow" time="48.455"/>
  <testcase classname="com.auto.Homepage_Test_Scenario.SignUp_Test_Scenarios" name="TC_01_Verify_SignUp_E2e_Flow" time="47.438"/>
  <testcase classname="com.auto.Homepage_Test_Scenario.SignUp_Test_Scenarios" name="TC_01_Verify_SignUp_E2e_Flow" time="46.982"/>
  <testcase classname="com.auto.Homepage_Test_Scenario.SignUp_Test_Scenarios" name="TC_01_Verify_SignUp_E2e_Flow" time="45.159"/>
  <testcase classname="com.auto.Homepage_Test_Scenario.SignUp_Test_Scenarios" name="TC_01_Verify_SignUp_E2e_Flow" time="47.859"/>
  <testcase classname="com.auto.Homepage_Test_Scenario.SignUp_Test_Scenarios" name="TC_01_Verify_SignUp_E2e_Flow" time="47.565"/>
  <testcase classname="com.auto.Homepage_Test_Scenario.SignUp_Test_Scenarios" name="TC_01_Verify_SignUp_E2e_Flow" time="46.331"/>
  <testcase classname="com.auto.Homepage_Test_Scenario.SignUp_Test_Scenarios" name="TC_01_Verify_SignUp_E2e_Flow" time="47.749"/>
  <testcase classname="com.auto.Homepage_Test_Scenario.SignUp_Test_Scenarios" name="TC_01_Verify_SignUp_E2e_Flow" time="44.755"/>
  <testcase classname="com.auto.Homepage_Test_Scenario.SignUp_Test_Scenarios" name="TC_01_Verify_SignUp_E2e_Flow" time="45.329"/>
  <testcase classname="com.auto.Homepage_Test_Scenario.SignUp_Test_Scenarios" name="TC_01_Verify_SignUp_E2e_Flow" time="45.081"/>
</testsuite> <!-- Test -->
