<?xml version="1.0" encoding="UTF-8"?>
<testsuite name="TestSuite" time="711.171" tests="15" errors="0" skipped="0" failures="0">
  <properties>
[...]
</properties>
  <testcase name="TC_01_Verify_SignUp_E2e_Flow" classname="com.auto.Homepage_Test_Scenario.SignUp_Test_Scenarios" time="56.926"/>
  <testcase name="TC_01_Verify_SignUp_E2e_Flow" classname="com.auto.Homepage_Test_Scenario.SignUp_Test_Scenarios" time="46.245"/>
  <testcase name="TC_01_Verify_SignUp_E2e_Flow" classname="com.auto.Homepage_Test_Scenario.SignUp_Test_Scenarios" time="48.347"/>
  <testcase name="TC_01_Verify_SignUp_E2e_Flow" classname="com.auto.Homepage_Test_Scenario.SignUp_Test_Scenarios" time="46.95"/>
  <testcase name="TC_01_Verify_SignUp_E2e_Flow" classname="com.auto.Homepage_Test_Scenario.SignUp_Test_Scenarios" time="48.451"/>
  <testcase name="TC_01_Verify_SignUp_E2e_Flow" classname="com.auto.Homepage_Test_Scenario.SignUp_Test_Scenarios" time="47.441"/>
  <testcase name="TC_01_Verify_SignUp_E2e_Flow" classname="com.auto.Homepage_Test_Scenario.SignUp_Test_Scenarios" time="46.982"/>
  <testcase name="TC_01_Verify_SignUp_E2e_Flow" classname="com.auto.Homepage_Test_Scenario.SignUp_Test_Scenarios" time="45.159"/>
  <testcase name="TC_01_Verify_SignUp_E2e_Flow" classname="com.auto.Homepage_Test_Scenario.SignUp_Test_Scenarios" time="47.86"/>
  <testcase name="TC_01_Verify_SignUp_E2e_Flow" classname="com.auto.Homepage_Test_Scenario.SignUp_Test_Scenarios" time="47.565"/>
  <testcase name="TC_01_Verify_SignUp_E2e_Flow" classname="com.auto.Homepage_Test_Scenario.SignUp_Test_Scenarios" time="46.331"/>
  <testcase name="TC_01_Verify_SignUp_E2e_Flow" classname="com.auto.Homepage_Test_Scenario.SignUp_Test_Scenarios" time="47.75"/>
  <testcase name="TC_01_Verify_SignUp_E2e_Flow" classname="com.auto.Homepage_Test_Scenario.SignUp_Test_Scenarios" time="44.755"/>
  <testcase name="TC_01_Verify_SignUp_E2e_Flow" classname="com.auto.Homepage_Test_Scenario.SignUp_Test_Scenarios" time="45.329"/>
  <testcase name="TC_01_Verify_SignUp_E2e_Flow" classname="com.auto.Homepage_Test_Scenario.SignUp_Test_Scenarios" time="45.08"/>
</testsuite>